# JRE version: OpenJDK Runtime Environment (8.0_202) (build 1.8.0_202-release-1483-b49-5587405)
# Java VM: OpenJDK 64-Bit Server VM (25.202-b49-5587405 mixed mode linux-amd64 compressed oops)
Heap:
 PSYoungGen      total 289792K, used 28420K [0x00000000e0000000, 0x00000000f6200000, 0x0000000100000000)
  eden space 265728K, 4% used [0x00000000e0000000,0x00000000e0c1a458,0x00000000f0380000)
  from space 24064K, 66% used [0x00000000f0380000,0x00000000f1326eb8,0x00000000f1b00000)
  to   space 24576K, 0% used [0x00000000f4a00000,0x00000000f4a00000,0x00000000f6200000)
 ParOldGen       total 145408K, used 32636K [0x00000000a0000000, 0x00000000a8e00000, 0x00000000e0000000)
  object space 145408K, 22% used [0x00000000a0000000,0x00000000a1fdf060,0x00000000a8e00000)
 Metaspace       used 67767K, capacity 70474K, committed 70744K, reserved 1110016K
  class space    used 8980K, capacity 9530K, committed 9600K, reserved 1048576K
GC Heap History (10 events):
Event: 3,165 GC heap before
{Heap before GC invocations=8 (full 2):
 PSYoungGen      total 200704K, used 10362K [0x00000000e0000000, 0x00000000ed980000, 0x0000000100000000)
  eden space 185344K, 0% used [0x00000000e0000000,0x00000000e0000000,0x00000000eb500000)
  from space 15360K, 67% used [0x00000000ec400000,0x00000000ece1ea90,0x00000000ed300000)
  to   space 15360K, 0% used [0x00000000eb500000,0x00000000eb500000,0x00000000ec400000)
 ParOldGen       total 66560K, used 17872K [0x00000000a0000000, 0x00000000a4100000, 0x00000000e0000000)
  object space 66560K, 26% used [0x00000000a0000000,0x00000000a1174370,0x00000000a4100000)
 Metaspace       used 34506K, capacity 35158K, committed 35416K, reserved 1079296K
  class space    used 4742K, capacity 4904K, committed 4992K, reserved 1048576K
Event: 3,217 GC heap after
Heap after GC invocations=8 (full 2):
 PSYoungGen      total 200704K, used 0K [0x00000000e0000000, 0x00000000ed980000, 0x0000000100000000)
  eden space 185344K, 0% used [0x00000000e0000000,0x00000000e0000000,0x00000000eb500000)
  from space 15360K, 0% used [0x00000000ec400000,0x00000000ec400000,0x00000000ed300000)
  to   space 15360K, 0% used [0x00000000eb500000,0x00000000eb500000,0x00000000ec400000)
 ParOldGen       total 99840K, used 16889K [0x00000000a0000000, 0x00000000a6180000, 0x00000000e0000000)
  object space 99840K, 16% used [0x00000000a0000000,0x00000000a107e6b8,0x00000000a6180000)
 Metaspace       used 34506K, capacity 35158K, committed 35416K, reserved 1079296K
  class space    used 4742K, capacity 4904K, committed 4992K, reserved 1048576K
}
Event: 4,871 GC heap before
{Heap before GC invocations=9 (full 2):
 PSYoungGen      total 200704K, used 185344K [0x00000000e0000000, 0x00000000ed980000, 0x0000000100000000)
  eden space 185344K, 100% used [0x00000000e0000000,0x00000000eb500000,0x00000000eb500000)
  from space 15360K, 0% used [0x00000000ec400000,0x00000000ec400000,0x00000000ed300000)
  to   space 15360K, 0% used [0x00000000eb500000,0x00000000eb500000,0x00000000ec400000)
 ParOldGen       total 99840K, used 16889K [0x00000000a0000000, 0x00000000a6180000, 0x00000000e0000000)
  object space 99840K, 16% used [0x00000000a0000000,0x00000000a107e6b8,0x00000000a6180000)
 Metaspace       used 51432K, capacity 52856K, committed 52952K, reserved 1095680K
  class space    used 6977K, capacity 7351K, committed 7424K, reserved 1048576K
Event: 4,896 GC heap after
Heap after GC invocations=9 (full 2):
 PSYoungGen      total 200704K, used 15355K [0x00000000e0000000, 0x00000000f3200000, 0x0000000100000000)
  eden space 185344K, 0% used [0x00000000e0000000,0x00000000e0000000,0x00000000eb500000)
  from space 15360K, 99% used [0x00000000eb500000,0x00000000ec3fec98,0x00000000ec400000)
  to   space 22016K, 0% used [0x00000000f1c80000,0x00000000f1c80000,0x00000000f3200000)
 ParOldGen       total 99840K, used 24704K [0x00000000a0000000, 0x00000000a6180000, 0x00000000e0000000)
  object space 99840K, 24% used [0x00000000a0000000,0x00000000a1820158,0x00000000a6180000)
 Metaspace       used 51432K, capacity 52856K, committed 52952K, reserved 1095680K
  class space    used 6977K, capacity 7351K, committed 7424K, reserved 1048576K
}
Event: 5,979 GC heap before
{Heap before GC invocations=10 (full 2):
 PSYoungGen      total 200704K, used 110551K [0x00000000e0000000, 0x00000000f3200000, 0x0000000100000000)
  eden space 185344K, 51% used [0x00000000e0000000,0x00000000e5cf72f8,0x00000000eb500000)
  from space 15360K, 99% used [0x00000000eb500000,0x00000000ec3fec98,0x00000000ec400000)
  to   space 22016K, 0% used [0x00000000f1c80000,0x00000000f1c80000,0x00000000f3200000)
 ParOldGen       total 99840K, used 24704K [0x00000000a0000000, 0x00000000a6180000, 0x00000000e0000000)
  object space 99840K, 24% used [0x00000000a0000000,0x00000000a1820158,0x00000000a6180000)
 Metaspace       used 57187K, capacity 58814K, committed 58968K, reserved 1099776K
  class space    used 7797K, capacity 8228K, committed 8320K, reserved 1048576K
Event: 5,997 GC heap after
Heap after GC invocations=10 (full 2):
 PSYoungGen      total 287744K, used 18995K [0x00000000e0000000, 0x00000000f3280000, 0x0000000100000000)
  eden space 265728K, 0% used [0x00000000e0000000,0x00000000e0000000,0x00000000f0380000)
  from space 22016K, 86% used [0x00000000f1c80000,0x00000000f2f0cde8,0x00000000f3200000)
  to   space 24064K, 0% used [0x00000000f0380000,0x00000000f0380000,0x00000000f1b00000)
 ParOldGen       total 99840K, used 24776K [0x00000000a0000000, 0x00000000a6180000, 0x00000000e0000000)
  object space 99840K, 24% used [0x00000000a0000000,0x00000000a1832168,0x00000000a6180000)
 Metaspace       used 57187K, capacity 58814K, committed 58968K, reserved 1099776K
  class space    used 7797K, capacity 8228K, committed 8320K, reserved 1048576K
}
Event: 5,997 GC heap before
{Heap before GC invocations=11 (full 3):
 PSYoungGen      total 287744K, used 18995K [0x00000000e0000000, 0x00000000f3280000, 0x0000000100000000)
  eden space 265728K, 0% used [0x00000000e0000000,0x00000000e0000000,0x00000000f0380000)
  from space 22016K, 86% used [0x00000000f1c80000,0x00000000f2f0cde8,0x00000000f3200000)
  to   space 24064K, 0% used [0x00000000f0380000,0x00000000f0380000,0x00000000f1b00000)
 ParOldGen       total 99840K, used 24776K [0x00000000a0000000, 0x00000000a6180000, 0x00000000e0000000)
  object space 99840K, 24% used [0x00000000a0000000,0x00000000a1832168,0x00000000a6180000)
 Metaspace       used 57187K, capacity 58814K, committed 58968K, reserved 1099776K
  class space    used 7797K, capacity 8228K, committed 8320K, reserved 1048576K
Event: 6,166 GC heap after
Heap after GC invocations=11 (full 3):
 PSYoungGen      total 287744K, used 0K [0x00000000e0000000, 0x00000000f3280000, 0x0000000100000000)
  eden space 265728K, 0% used [0x00000000e0000000,0x00000000e0000000,0x00000000f0380000)
  from space 22016K, 0% used [0x00000000f1c80000,0x00000000f1c80000,0x00000000f3200000)
  to   space 24064K, 0% used [0x00000000f0380000,0x00000000f0380000,0x00000000f1b00000)
 ParOldGen       total 145408K, used 32628K [0x00000000a0000000, 0x00000000a8e00000, 0x00000000e0000000)
  object space 145408K, 22% used [0x00000000a0000000,0x00000000a1fdd060,0x00000000a8e00000)
 Metaspace       used 57144K, capacity 58698K, committed 58968K, reserved 1099776K
  class space    used 7783K, capacity 8204K, committed 8320K, reserved 1048576K
}
Event: 772,436 GC heap before
{Heap before GC invocations=12 (full 3):
 PSYoungGen      total 287744K, used 265728K [0x00000000e0000000, 0x00000000f3280000, 0x0000000100000000)
  eden space 265728K, 100% used [0x00000000e0000000,0x00000000f0380000,0x00000000f0380000)
  from space 22016K, 0% used [0x00000000f1c80000,0x00000000f1c80000,0x00000000f3200000)
  to   space 24064K, 0% used [0x00000000f0380000,0x00000000f0380000,0x00000000f1b00000)
 ParOldGen       total 145408K, used 32628K [0x00000000a0000000, 0x00000000a8e00000, 0x00000000e0000000)
  object space 145408K, 22% used [0x00000000a0000000,0x00000000a1fdd060,0x00000000a8e00000)
 Metaspace       used 67560K, capacity 70242K, committed 70488K, reserved 1110016K
  class space    used 8958K, capacity 9510K, committed 9600K, reserved 1048576K
Event: 772,465 GC heap after
Heap after GC invocations=12 (full 3):
 PSYoungGen      total 289792K, used 16027K [0x00000000e0000000, 0x00000000f6200000, 0x0000000100000000)
  eden space 265728K, 0% used [0x00000000e0000000,0x00000000e0000000,0x00000000f0380000)
  from space 24064K, 66% used [0x00000000f0380000,0x00000000f1326eb8,0x00000000f1b00000)
  to   space 24576K, 0% used [0x00000000f4a00000,0x00000000f4a00000,0x00000000f6200000)
 ParOldGen       total 145408K, used 32636K [0x00000000a0000000, 0x00000000a8e00000, 0x00000000e0000000)
  object space 145408K, 22% used [0x00000000a0000000,0x00000000a1fdf060,0x00000000a8e00000)
 Metaspace       used 67560K, capacity 70242K, committed 70488K, reserved 1110016K
  class space    used 8958K, capacity 9510K, committed 9600K, reserved 1048576K
}

